[03:19:08] [ServerMain/INFO]: Environment: Environment[sessionHost=https://sessionserver.mojang.com, servicesHost=https://api.minecraftservices.com, name=PROD]
[03:19:10] [ServerMain/INFO]: Loaded 1290 recipes
[03:19:11] [ServerMain/INFO]: Loaded 1399 advancements
[03:19:11] [Server thread/INFO]: Starting minecraft server version 1.21.1
[03:19:11] [Server thread/INFO]: Loading properties
[03:19:11] [Server thread/INFO]: Default game type: SURVIVAL
[03:19:11] [Server thread/INFO]: Generating keypair
[03:19:12] [Server thread/INFO]: Starting Minecraft server on *:25565
[03:19:12] [Server thread/INFO]: Using epoll channel type
[03:19:12] [Server thread/WARN]: **** SERVER IS RUNNING IN OFFLINE/INSECURE MODE!
[03:19:12] [Server thread/WARN]: The server will make no attempt to authenticate usernames. Beware.
[03:19:12] [Server thread/WARN]: While this makes the game possible to play without internet access, it also opens up the ability for hackers to connect with any username they choose.
[03:19:12] [Server thread/WARN]: To change this, set "online-mode" to "true" in the server.properties file.
[03:19:12] [Server thread/INFO]: Preparing level "world"
[03:19:15] [Server thread/INFO]: Preparing start region for dimension minecraft:overworld
[03:19:15] [Worker-Main-2/INFO]: Preparing spawn area: 0%
[03:19:16] [Worker-Main-3/INFO]: Preparing spawn area: 12%
[03:19:16] [Worker-Main-1/INFO]: Preparing spawn area: 71%
[03:19:16] [Server thread/INFO]: Time elapsed: 1073 ms
[03:19:16] [Server thread/INFO]: Done (4.369s)! For help, type "help"
